<?xml version="1.0" encoding="UTF-8"?>
<!-- Generated by org.testng.reporters.JUnitReportReporter -->
<testsuite skipped="0" hostname="Dell-Inspiron-5570" name="com.demoaut.NewTours2.RegisterPageTest" tests="2" failures="0" timestamp="2020-01-09T16:00:33 CET" time="12.860" errors="0">
  <testcase name="registerDataProviderDriven" time="3.079" classname="com.demoaut.NewTours2.RegisterPageTest"/>
  <testcase name="registerExcelDriven" time="9.781" classname="com.demoaut.NewTours2.RegisterPageTest"/>
</testsuite> <!-- com.demoaut.NewTours2.RegisterPageTest -->
