<?xml version="1.0" encoding="UTF-8"?>
<!-- Generated by org.testng.reporters.JUnitReportReporter -->
<testsuite skipped="0" hostname="Dell-Inspiron-5570" name="com.demoaut.NewTours2.FlightFinderTest" tests="1" failures="0" timestamp="2019-12-27T16:13:40 CET" time="1.482" errors="0">
  <testcase name="findFlight" time="1.482" classname="com.demoaut.NewTours2.FlightFinderTest"/>
</testsuite> <!-- com.demoaut.NewTours2.FlightFinderTest -->
