<?xml version="1.0" encoding="UTF-8"?>
<!-- Generated by org.testng.reporters.JUnitReportReporter -->
<testsuite skipped="0" hostname="Dell-Inspiron-5570" name="com.demoaut.NewTours2.HomePageValidation" tests="3" failures="0" timestamp="2020-01-09T19:59:27 CET" time="0.105" errors="0">
  <testcase name="validatePageTitle" time="0.010" classname="com.demoaut.NewTours2.HomePageValidation"/>
  <testcase name="menuTabValidation" time="0.059" classname="com.demoaut.NewTours2.HomePageValidation"/>
  <testcase name="validateFooter" time="0.036" classname="com.demoaut.NewTours2.HomePageValidation"/>
</testsuite> <!-- com.demoaut.NewTours2.HomePageValidation -->
