<?xml version="1.0" encoding="UTF-8"?>
<!-- Generated by org.testng.reporters.JUnitReportReporter -->
<testsuite skipped="0" hostname="Dell-Inspiron-5570" name="com.demoaut.NewTours2.RegisterPageTest" tests="2" failures="0" timestamp="2019-12-25T20:07:29 CET" time="8.939" errors="0">
  <testcase name="registerDataProviderDriven" time="4.992" classname="com.demoaut.NewTours2.RegisterPageTest"/>
  <testcase name="registerExcelDriven" time="3.947" classname="com.demoaut.NewTours2.RegisterPageTest"/>
</testsuite> <!-- com.demoaut.NewTours2.RegisterPageTest -->
