<?xml version="1.0" encoding="UTF-8"?>
<!-- Generated by org.testng.reporters.JUnitReportReporter -->
<testsuite skipped="0" hostname="Dell-Inspiron-5570" name="com.demoaut.NewTours2.HomePageValidation" tests="3" failures="0" timestamp="2019-12-26T15:38:42 CET" time="0.150" errors="0">
  <testcase name="menuTabValidation" time="0.087" classname="com.demoaut.NewTours2.HomePageValidation"/>
  <testcase name="validatePageTitle" time="0.016" classname="com.demoaut.NewTours2.HomePageValidation"/>
  <testcase name="validateFooter" time="0.047" classname="com.demoaut.NewTours2.HomePageValidation"/>
</testsuite> <!-- com.demoaut.NewTours2.HomePageValidation -->
