<?xml version="1.0" encoding="UTF-8"?>
<!-- Generated by org.testng.reporters.JUnitReportReporter -->
<testsuite skipped="0" hostname="Dell-Inspiron-5570" name="com.demoaut.NewTours2.RegisterPageTest" tests="2" failures="0" timestamp="2019-12-26T16:35:06 CET" time="11.030" errors="0">
  <testcase name="registerDataProviderDriven" time="2.665" classname="com.demoaut.NewTours2.RegisterPageTest"/>
  <testcase name="registerExcelDriven" time="8.365" classname="com.demoaut.NewTours2.RegisterPageTest"/>
</testsuite> <!-- com.demoaut.NewTours2.RegisterPageTest -->
