<?xml version="1.0" encoding="UTF-8"?>
<!-- Generated by org.testng.reporters.JUnitReportReporter -->
<testsuite skipped="0" hostname="Dell-Inspiron-5570" name="com.demoaut.NewTours2.LoginPageTest" tests="1" failures="0" timestamp="2019-12-27T16:13:40 CET" time="6.761" errors="0">
  <testcase name="loginExcelDriven" time="6.761" classname="com.demoaut.NewTours2.LoginPageTest"/>
</testsuite> <!-- com.demoaut.NewTours2.LoginPageTest -->
