<?xml version="1.0" encoding="UTF-8"?>
<!-- Generated by org.testng.reporters.JUnitReportReporter -->
<testsuite skipped="0" hostname="Dell-Inspiron-5570" name="com.demoaut.NewTours2.HomePageValidation" tests="3" failures="0" timestamp="2019-12-29T22:18:40 CET" time="0.187" errors="0">
  <testcase name="validateFooter" time="0.078" classname="com.demoaut.NewTours2.HomePageValidation"/>
  <testcase name="menuTabValidation" time="0.093" classname="com.demoaut.NewTours2.HomePageValidation"/>
  <testcase name="validatePageTitle" time="0.016" classname="com.demoaut.NewTours2.HomePageValidation"/>
</testsuite> <!-- com.demoaut.NewTours2.HomePageValidation -->
