<?xml version="1.0" encoding="UTF-8"?>
<!-- Generated by org.testng.reporters.JUnitReportReporter -->
<testsuite skipped="0" hostname="Dell-Inspiron-5570" name="com.demoaut.NewTours2.LoginPageTest" tests="1" failures="0" timestamp="2019-12-26T16:59:24 CET" time="7.375" errors="0">
  <testcase name="loginExcelDriven" time="7.375" classname="com.demoaut.NewTours2.LoginPageTest"/>
</testsuite> <!-- com.demoaut.NewTours2.LoginPageTest -->
