<?xml version="1.0" encoding="UTF-8"?>
<!-- Generated by org.testng.reporters.JUnitReportReporter -->
<testsuite skipped="0" hostname="Dell-Inspiron-5570" name="com.demoaut.NewTours2.HomePageValidation" tests="3" failures="0" timestamp="2019-12-25T16:10:13 CET" time="0.131" errors="0">
  <testcase name="menuTabValidation" time="0.069" classname="com.demoaut.NewTours2.HomePageValidation"/>
  <testcase name="validateFooter" time="0.047" classname="com.demoaut.NewTours2.HomePageValidation"/>
  <testcase name="validatePageTitle" time="0.015" classname="com.demoaut.NewTours2.HomePageValidation"/>
</testsuite> <!-- com.demoaut.NewTours2.HomePageValidation -->
